#
# A fatal error has been detected by the Java Runtime Environment:
#
#  SIGSEGV (0xb) at pc=0x00007f7834d3c0d1, pid=18401, tid=18423
#
# JRE version: Java(TM) SE Runtime Environment 18.9 (11.0.15+8) (build 11.0.15+8-LTS-149)
# Java VM: Java HotSpot(TM) 64-Bit Server VM 18.9 (11.0.15+8-LTS-149, mixed mode, tiered, compressed oops, g1 gc, linux-amd64)
# Problematic frame:
# C  [libjimage.so+0x40d1]  ImageStrings::find(Endian*, char const*, int*, unsigned int)+0x71
#
# Core dump will be written. Default location: Core dumps may be processed with "/usr/share/apport/apport -p%p -s%s -c%c -d%d -P%P -u%u -g%g -- %E" (or dumping to /home/vagner/git/FullStack-Angular-Springboot/springboot-fsp/core.18401)
#
# If you would like to submit a bug report, please visit:
#   https://bugreport.java.com/bugreport/crash.jsp
#

---------------  S U M M A R Y ------------

Command Line: -agentlib:jdwp=transport=dt_socket,suspend=y,address=localhost:43465 -Dcom.sun.management.jmxremote -Dcom.sun.management.jmxremote.port=35281 -Dcom.sun.management.jmxremote.authenticate=false -Dcom.sun.management.jmxremote.ssl=false -Djava.rmi.server.hostname=localhost -Dspring.jmx.enabled=true -Dspring.application.admin.enabled=true -Djava.security.egd=file:/dev/./urandom -XX:TieredStopAtLevel=1 -Dspring.boot.project.name=springboot-fsp -javaagent:/home/vagner/eclipse/configuration/org.eclipse.osgi/410/0/.cp/lib/javaagent-shaded.jar -Dfile.encoding=UTF-8 br.circle.SpringbootFspApplication

Host: AMD A8-5500B APU with Radeon(tm) HD Graphics, 4 cores, 7G, Ubuntu 18.04.6 LTS
Time: Mon May 30 13:43:47 2022 -03 elapsed time: 9238.198617 seconds (0d 2h 33m 58s)

---------------  T H R E A D  ---------------

Current thread (0x00007f78301c8000):  JavaThread "Signal Dispatcher" daemon [_thread_in_vm, id=18423, stack(0x00007f7810066000,0x00007f7810167000)]

Stack: [0x00007f7810066000,0x00007f7810167000],  sp=0x00007f7810164150,  free space=1016k
Native frames: (J=compiled Java code, j=interpreted, Vv=VM code, C=native code)
C  [libjimage.so+0x40d1]  ImageStrings::find(Endian*, char const*, int*, unsigned int)+0x71
C  [libjimage.so+0x4dea]  ImageFileReader::find_location_index(char const*, unsigned long long*) const+0x3a
C  [libjimage.so+0x52ea]  JIMAGE_FindResource+0xfa
V  [libjvm.so+0x5c05ee]